This file contains any messages produced by compilers while
running configure, to aid debugging if configure makes a mistake.

It was created by configure, which was
generated by GNU Autoconf 2.59.  Invocation command line was

  $ ./configure 

## --------- ##
## Platform. ##
## --------- ##

hostname = kiff.local
uname -m = x86_64
uname -r = 11.2.0
uname -s = Darwin
uname -v = Darwin Kernel Version 11.2.0: Tue Aug  9 20:54:00 PDT 2011; root:xnu-1699.24.8~1/RELEASE_X86_64

/usr/bin/uname -p = i386
/bin/uname -X     = unknown

/bin/arch              = unknown
/usr/bin/arch -k       = unknown
/usr/convex/getsysinfo = unknown
hostinfo               = Mach kernel version:
	 Darwin Kernel Version 11.2.0: Tue Aug  9 20:54:00 PDT 2011; root:xnu-1699.24.8~1/RELEASE_X86_64
Kernel configured for up to 4 processors.
2 processors are physically available.
4 processors are logically available.
Processor type: i486 (Intel 80486)
Processors active: 0 1 2 3
Primary memory available: 4.00 gigabytes
Default processor set: 143 tasks, 692 threads, 4 processors
Load average: 0.83, Mach factor: 3.16
/bin/machine           = unknown
/usr/bin/oslevel       = unknown
/bin/universe          = unknown

PATH: /Library/Frameworks/Python.framework/Versions/Current/bin
PATH: /opt/local/bin
PATH: /opt/local/sbin
PATH: /opt/local/bin
PATH: /opt/local/sbin
PATH: /Users/caleb/.rvm/gems/ruby-1.9.2-p290/bin
PATH: /Users/caleb/.rvm/gems/ruby-1.9.2-p290@global/bin
PATH: /Users/caleb/.rvm/rubies/ruby-1.9.2-p290/bin
PATH: /Users/caleb/.rvm/bin
PATH: /usr/bin
PATH: /bin
PATH: /usr/sbin
PATH: /sbin
PATH: /usr/local/bin
PATH: /usr/X11/bin
PATH: /usr/local/git/bin
PATH: /Users/caleb/bin
PATH: /Users/caleb/local/bin
PATH: /usr/local/bin
PATH: /usr/local/sbin
PATH: /Applications/MAMP/bin/php5/bin
PATH: /usr/local/git/bin
PATH: /bin
PATH: /Users/caleb/local/sbin


## ----------- ##
## Core tests. ##
## ----------- ##

configure:1342: checking for gcc
configure:1358: found /usr/bin/gcc
configure:1368: result: gcc
configure:1612: checking for C compiler version
configure:1615: gcc --version </dev/null >&5
i686-apple-darwin11-llvm-gcc-4.2 (GCC) 4.2.1 (Based on Apple Inc. build 5658) (LLVM build 2335.15.00)
Copyright (C) 2007 Free Software Foundation, Inc.
This is free software; see the source for copying conditions.  There is NO
warranty; not even for MERCHANTABILITY or FITNESS FOR A PARTICULAR PURPOSE.

configure:1618: $? = 0
configure:1620: gcc -v </dev/null >&5
Using built-in specs.
Target: i686-apple-darwin11
Configured with: /private/var/tmp/llvmgcc42/llvmgcc42-2335.15~25/src/configure --disable-checking --enable-werror --prefix=/Developer/usr/llvm-gcc-4.2 --mandir=/share/man --enable-languages=c,objc,c++,obj-c++ --program-prefix=llvm- --program-transform-name=/^[cg][^.-]*$/s/$/-4.2/ --with-slibdir=/usr/lib --build=i686-apple-darwin11 --enable-llvm=/private/var/tmp/llvmgcc42/llvmgcc42-2335.15~25/dst-llvmCore/Developer/usr/local --program-prefix=i686-apple-darwin11- --host=x86_64-apple-darwin11 --target=i686-apple-darwin11 --with-gxx-include-dir=/usr/include/c++/4.2.1
Thread model: posix
gcc version 4.2.1 (Based on Apple Inc. build 5658) (LLVM build 2335.15.00)
configure:1623: $? = 0
configure:1625: gcc -V </dev/null >&5
llvm-gcc-4.2: argument to `-V' is missing
configure:1628: $? = 1
configure:1651: checking for C compiler default output file name
configure:1654: gcc    conftest.c  >&5
configure:1657: $? = 0
configure:1703: result: a.out
configure:1708: checking whether the C compiler works
configure:1714: ./a.out
configure:1717: $? = 0
configure:1734: result: yes
configure:1741: checking whether we are cross compiling
configure:1743: result: no
configure:1746: checking for suffix of executables
configure:1748: gcc -o conftest    conftest.c  >&5
configure:1751: $? = 0
configure:1776: result: 
configure:1782: checking for suffix of object files
configure:1803: gcc -c   conftest.c >&5
configure:1806: $? = 0
configure:1828: result: o
configure:1832: checking whether we are using the GNU C compiler
configure:1856: gcc -c   conftest.c >&5
configure:1862: $? = 0
configure:1866: test -z 
			 || test ! -s conftest.err
configure:1869: $? = 0
configure:1872: test -s conftest.o
configure:1875: $? = 0
configure:1888: result: yes
configure:1894: checking whether gcc accepts -g
configure:1915: gcc -c -g  conftest.c >&5
configure:1921: $? = 0
configure:1925: test -z 
			 || test ! -s conftest.err
configure:1928: $? = 0
configure:1931: test -s conftest.o
configure:1934: $? = 0
configure:1945: result: yes
configure:1962: checking for gcc option to accept ANSI C
configure:2032: gcc  -c -g -O2  conftest.c >&5
configure:2038: $? = 0
configure:2042: test -z 
			 || test ! -s conftest.err
configure:2045: $? = 0
configure:2048: test -s conftest.o
configure:2051: $? = 0
configure:2069: result: none needed
configure:2087: gcc -c -g -O2  conftest.c >&5
conftest.c:2: error: expected '=', ',', ';', 'asm' or '__attribute__' before 'me'
configure:2093: $? = 1
configure: failed program was:
| #ifndef __cplusplus
|   choke me
| #endif
configure:2232: checking how to run the C preprocessor
configure:2267: gcc -E  conftest.c
configure:2273: $? = 0
configure:2305: gcc -E  conftest.c
conftest.c:9:28: error: ac_nonexistent.h: No such file or directory
configure:2311: $? = 1
configure: failed program was:
| /* confdefs.h.  */
| 
| #define PACKAGE_NAME ""
| #define PACKAGE_TARNAME ""
| #define PACKAGE_VERSION ""
| #define PACKAGE_STRING ""
| #define PACKAGE_BUGREPORT ""
| /* end confdefs.h.  */
| #include <ac_nonexistent.h>
configure:2350: result: gcc -E
configure:2374: gcc -E  conftest.c
configure:2380: $? = 0
configure:2412: gcc -E  conftest.c
conftest.c:9:28: error: ac_nonexistent.h: No such file or directory
configure:2418: $? = 1
configure: failed program was:
| /* confdefs.h.  */
| 
| #define PACKAGE_NAME ""
| #define PACKAGE_TARNAME ""
| #define PACKAGE_VERSION ""
| #define PACKAGE_STRING ""
| #define PACKAGE_BUGREPORT ""
| /* end confdefs.h.  */
| #include <ac_nonexistent.h>
configure:2462: checking for egrep
configure:2472: result: grep -E
configure:2478: checking whether gcc needs -traditional
conftest.c:9:20: error: termio.h: No such file or directory
configure:2520: result: no
configure:2565: checking for a BSD-compatible install
configure:2620: result: /usr/bin/install -c
configure:2638: checking build system type
configure:2656: result: i386-apple-darwin11.2.0
configure:2664: checking host system type
configure:2678: result: i386-apple-darwin11.2.0
configure:2686: checking target system type
configure:2700: result: i386-apple-darwin11.2.0
configure:2715: checking for an ANSI C-conforming const
configure:2782: gcc -c -g -O2  conftest.c >&5
configure:2788: $? = 0
configure:2792: test -z 
			 || test ! -s conftest.err
configure:2795: $? = 0
configure:2798: test -s conftest.o
configure:2801: $? = 0
configure:2812: result: yes
configure:2822: checking for inline
configure:2843: gcc -c -g -O2  conftest.c >&5
configure:2849: $? = 0
configure:2853: test -z 
			 || test ! -s conftest.err
configure:2856: $? = 0
configure:2859: test -s conftest.o
configure:2862: $? = 0
configure:2874: result: inline
configure:2897: checking for pthread_create in -lpthread
configure:2927: gcc -o conftest -g -O2   conftest.c -lpthread   >&5
configure:2933: $? = 0
configure:2937: test -z 
			 || test ! -s conftest.err
configure:2940: $? = 0
configure:2943: test -s conftest
configure:2946: $? = 0
configure:2959: result: yes
configure:2971: checking for ANSI C header files
configure:2996: gcc -c -g -O2  conftest.c >&5
configure:3002: $? = 0
configure:3006: test -z 
			 || test ! -s conftest.err
configure:3009: $? = 0
configure:3012: test -s conftest.o
configure:3015: $? = 0
configure:3104: gcc -o conftest -g -O2   conftest.c -lpthread  >&5
conftest.c: In function 'main':
conftest.c:27: warning: incompatible implicit declaration of built-in function 'exit'
configure:3107: $? = 0
configure:3109: ./conftest
configure:3112: $? = 0
configure:3127: result: yes
configure:3137: checking for sys/wait.h that is POSIX.1 compatible
configure:3168: gcc -c -g -O2  conftest.c >&5
configure:3174: $? = 0
configure:3178: test -z 
			 || test ! -s conftest.err
configure:3181: $? = 0
configure:3184: test -s conftest.o
configure:3187: $? = 0
configure:3198: result: yes
configure:3222: checking for sys/types.h
configure:3238: gcc -c -g -O2  conftest.c >&5
configure:3244: $? = 0
configure:3248: test -z 
			 || test ! -s conftest.err
configure:3251: $? = 0
configure:3254: test -s conftest.o
configure:3257: $? = 0
configure:3268: result: yes
configure:3222: checking for sys/stat.h
configure:3238: gcc -c -g -O2  conftest.c >&5
configure:3244: $? = 0
configure:3248: test -z 
			 || test ! -s conftest.err
configure:3251: $? = 0
configure:3254: test -s conftest.o
configure:3257: $? = 0
configure:3268: result: yes
configure:3222: checking for stdlib.h
configure:3238: gcc -c -g -O2  conftest.c >&5
configure:3244: $? = 0
configure:3248: test -z 
			 || test ! -s conftest.err
configure:3251: $? = 0
configure:3254: test -s conftest.o
configure:3257: $? = 0
configure:3268: result: yes
configure:3222: checking for string.h
configure:3238: gcc -c -g -O2  conftest.c >&5
configure:3244: $? = 0
configure:3248: test -z 
			 || test ! -s conftest.err
configure:3251: $? = 0
configure:3254: test -s conftest.o
configure:3257: $? = 0
configure:3268: result: yes
configure:3222: checking for memory.h
configure:3238: gcc -c -g -O2  conftest.c >&5
configure:3244: $? = 0
configure:3248: test -z 
			 || test ! -s conftest.err
configure:3251: $? = 0
configure:3254: test -s conftest.o
configure:3257: $? = 0
configure:3268: result: yes
configure:3222: checking for strings.h
configure:3238: gcc -c -g -O2  conftest.c >&5
configure:3244: $? = 0
configure:3248: test -z 
			 || test ! -s conftest.err
configure:3251: $? = 0
configure:3254: test -s conftest.o
configure:3257: $? = 0
configure:3268: result: yes
configure:3222: checking for inttypes.h
configure:3238: gcc -c -g -O2  conftest.c >&5
configure:3244: $? = 0
configure:3248: test -z 
			 || test ! -s conftest.err
configure:3251: $? = 0
configure:3254: test -s conftest.o
configure:3257: $? = 0
configure:3268: result: yes
configure:3222: checking for stdint.h
configure:3238: gcc -c -g -O2  conftest.c >&5
configure:3244: $? = 0
configure:3248: test -z 
			 || test ! -s conftest.err
configure:3251: $? = 0
configure:3254: test -s conftest.o
configure:3257: $? = 0
configure:3268: result: yes
configure:3222: checking for unistd.h
configure:3238: gcc -c -g -O2  conftest.c >&5
configure:3244: $? = 0
configure:3248: test -z 
			 || test ! -s conftest.err
configure:3251: $? = 0
configure:3254: test -s conftest.o
configure:3257: $? = 0
configure:3268: result: yes
configure:3306: checking fcntl.h usability
configure:3318: gcc -c -g -O2  conftest.c >&5
configure:3324: $? = 0
configure:3328: test -z 
			 || test ! -s conftest.err
configure:3331: $? = 0
configure:3334: test -s conftest.o
configure:3337: $? = 0
configure:3347: result: yes
configure:3351: checking fcntl.h presence
configure:3361: gcc -E  conftest.c
configure:3367: $? = 0
configure:3387: result: yes
configure:3422: checking for fcntl.h
configure:3429: result: yes
configure:3306: checking limits.h usability
configure:3318: gcc -c -g -O2  conftest.c >&5
configure:3324: $? = 0
configure:3328: test -z 
			 || test ! -s conftest.err
configure:3331: $? = 0
configure:3334: test -s conftest.o
configure:3337: $? = 0
configure:3347: result: yes
configure:3351: checking limits.h presence
configure:3361: gcc -E  conftest.c
configure:3367: $? = 0
configure:3387: result: yes
configure:3422: checking for limits.h
configure:3429: result: yes
configure:3306: checking sys/ioctl.h usability
configure:3318: gcc -c -g -O2  conftest.c >&5
configure:3324: $? = 0
configure:3328: test -z 
			 || test ! -s conftest.err
configure:3331: $? = 0
configure:3334: test -s conftest.o
configure:3337: $? = 0
configure:3347: result: yes
configure:3351: checking sys/ioctl.h presence
configure:3361: gcc -E  conftest.c
configure:3367: $? = 0
configure:3387: result: yes
configure:3422: checking for sys/ioctl.h
configure:3429: result: yes
configure:3306: checking sys/time.h usability
configure:3318: gcc -c -g -O2  conftest.c >&5
configure:3324: $? = 0
configure:3328: test -z 
			 || test ! -s conftest.err
configure:3331: $? = 0
configure:3334: test -s conftest.o
configure:3337: $? = 0
configure:3347: result: yes
configure:3351: checking sys/time.h presence
configure:3361: gcc -E  conftest.c
configure:3367: $? = 0
configure:3387: result: yes
configure:3422: checking for sys/time.h
configure:3429: result: yes
configure:3306: checking arpa/inet.h usability
configure:3318: gcc -c -g -O2  conftest.c >&5
configure:3324: $? = 0
configure:3328: test -z 
			 || test ! -s conftest.err
configure:3331: $? = 0
configure:3334: test -s conftest.o
configure:3337: $? = 0
configure:3347: result: yes
configure:3351: checking arpa/inet.h presence
configure:3361: gcc -E  conftest.c
configure:3367: $? = 0
configure:3387: result: yes
configure:3422: checking for arpa/inet.h
configure:3429: result: yes
configure:3306: checking sys/param.h usability
configure:3318: gcc -c -g -O2  conftest.c >&5
configure:3324: $? = 0
configure:3328: test -z 
			 || test ! -s conftest.err
configure:3331: $? = 0
configure:3334: test -s conftest.o
configure:3337: $? = 0
configure:3347: result: yes
configure:3351: checking sys/param.h presence
configure:3361: gcc -E  conftest.c
configure:3367: $? = 0
configure:3387: result: yes
configure:3422: checking for sys/param.h
configure:3429: result: yes
configure:3297: checking for memory.h
configure:3302: result: yes
configure:3306: checking malloc.h usability
configure:3318: gcc -c -g -O2  conftest.c >&5
conftest.c:62:20: error: malloc.h: No such file or directory
configure:3324: $? = 1
configure: failed program was:
| /* confdefs.h.  */
| 
| #define PACKAGE_NAME ""
| #define PACKAGE_TARNAME ""
| #define PACKAGE_VERSION ""
| #define PACKAGE_STRING ""
| #define PACKAGE_BUGREPORT ""
| #define HAVE_LIBPTHREAD 1
| #define STDC_HEADERS 1
| #define HAVE_SYS_WAIT_H 1
| #define HAVE_SYS_TYPES_H 1
| #define HAVE_SYS_STAT_H 1
| #define HAVE_STDLIB_H 1
| #define HAVE_STRING_H 1
| #define HAVE_MEMORY_H 1
| #define HAVE_STRINGS_H 1
| #define HAVE_INTTYPES_H 1
| #define HAVE_STDINT_H 1
| #define HAVE_UNISTD_H 1
| #define HAVE_FCNTL_H 1
| #define HAVE_LIMITS_H 1
| #define HAVE_SYS_IOCTL_H 1
| #define HAVE_SYS_TIME_H 1
| #define HAVE_ARPA_INET_H 1
| #define HAVE_SYS_PARAM_H 1
| #define HAVE_MEMORY_H 1
| /* end confdefs.h.  */
| #include <stdio.h>
| #if HAVE_SYS_TYPES_H
| # include <sys/types.h>
| #endif
| #if HAVE_SYS_STAT_H
| # include <sys/stat.h>
| #endif
| #if STDC_HEADERS
| # include <stdlib.h>
| # include <stddef.h>
| #else
| # if HAVE_STDLIB_H
| #  include <stdlib.h>
| # endif
| #endif
| #if HAVE_STRING_H
| # if !STDC_HEADERS && HAVE_MEMORY_H
| #  include <memory.h>
| # endif
| # include <string.h>
| #endif
| #if HAVE_STRINGS_H
| # include <strings.h>
| #endif
| #if HAVE_INTTYPES_H
| # include <inttypes.h>
| #else
| # if HAVE_STDINT_H
| #  include <stdint.h>
| # endif
| #endif
| #if HAVE_UNISTD_H
| # include <unistd.h>
| #endif
| #include <malloc.h>
configure:3347: result: no
configure:3351: checking malloc.h presence
configure:3361: gcc -E  conftest.c
conftest.c:28:20: error: malloc.h: No such file or directory
configure:3367: $? = 1
configure: failed program was:
| /* confdefs.h.  */
| 
| #define PACKAGE_NAME ""
| #define PACKAGE_TARNAME ""
| #define PACKAGE_VERSION ""
| #define PACKAGE_STRING ""
| #define PACKAGE_BUGREPORT ""
| #define HAVE_LIBPTHREAD 1
| #define STDC_HEADERS 1
| #define HAVE_SYS_WAIT_H 1
| #define HAVE_SYS_TYPES_H 1
| #define HAVE_SYS_STAT_H 1
| #define HAVE_STDLIB_H 1
| #define HAVE_STRING_H 1
| #define HAVE_MEMORY_H 1
| #define HAVE_STRINGS_H 1
| #define HAVE_INTTYPES_H 1
| #define HAVE_STDINT_H 1
| #define HAVE_UNISTD_H 1
| #define HAVE_FCNTL_H 1
| #define HAVE_LIMITS_H 1
| #define HAVE_SYS_IOCTL_H 1
| #define HAVE_SYS_TIME_H 1
| #define HAVE_ARPA_INET_H 1
| #define HAVE_SYS_PARAM_H 1
| #define HAVE_MEMORY_H 1
| /* end confdefs.h.  */
| #include <malloc.h>
configure:3387: result: no
configure:3422: checking for malloc.h
configure:3429: result: no
configure:3306: checking signal.h usability
configure:3318: gcc -c -g -O2  conftest.c >&5
configure:3324: $? = 0
configure:3328: test -z 
			 || test ! -s conftest.err
configure:3331: $? = 0
configure:3334: test -s conftest.o
configure:3337: $? = 0
configure:3347: result: yes
configure:3351: checking signal.h presence
configure:3361: gcc -E  conftest.c
configure:3367: $? = 0
configure:3387: result: yes
configure:3422: checking for signal.h
configure:3429: result: yes
configure:3306: checking netinet/in.h usability
configure:3318: gcc -c -g -O2  conftest.c >&5
configure:3324: $? = 0
configure:3328: test -z 
			 || test ! -s conftest.err
configure:3331: $? = 0
configure:3334: test -s conftest.o
configure:3337: $? = 0
configure:3347: result: yes
configure:3351: checking netinet/in.h presence
configure:3361: gcc -E  conftest.c
configure:3367: $? = 0
configure:3387: result: yes
configure:3422: checking for netinet/in.h
configure:3429: result: yes
configure:3306: checking winsock2.h usability
configure:3318: gcc -c -g -O2  conftest.c >&5
conftest.c:64:22: error: winsock2.h: No such file or directory
configure:3324: $? = 1
configure: failed program was:
| /* confdefs.h.  */
| 
| #define PACKAGE_NAME ""
| #define PACKAGE_TARNAME ""
| #define PACKAGE_VERSION ""
| #define PACKAGE_STRING ""
| #define PACKAGE_BUGREPORT ""
| #define HAVE_LIBPTHREAD 1
| #define STDC_HEADERS 1
| #define HAVE_SYS_WAIT_H 1
| #define HAVE_SYS_TYPES_H 1
| #define HAVE_SYS_STAT_H 1
| #define HAVE_STDLIB_H 1
| #define HAVE_STRING_H 1
| #define HAVE_MEMORY_H 1
| #define HAVE_STRINGS_H 1
| #define HAVE_INTTYPES_H 1
| #define HAVE_STDINT_H 1
| #define HAVE_UNISTD_H 1
| #define HAVE_FCNTL_H 1
| #define HAVE_LIMITS_H 1
| #define HAVE_SYS_IOCTL_H 1
| #define HAVE_SYS_TIME_H 1
| #define HAVE_ARPA_INET_H 1
| #define HAVE_SYS_PARAM_H 1
| #define HAVE_MEMORY_H 1
| #define HAVE_SIGNAL_H 1
| #define HAVE_NETINET_IN_H 1
| /* end confdefs.h.  */
| #include <stdio.h>
| #if HAVE_SYS_TYPES_H
| # include <sys/types.h>
| #endif
| #if HAVE_SYS_STAT_H
| # include <sys/stat.h>
| #endif
| #if STDC_HEADERS
| # include <stdlib.h>
| # include <stddef.h>
| #else
| # if HAVE_STDLIB_H
| #  include <stdlib.h>
| # endif
| #endif
| #if HAVE_STRING_H
| # if !STDC_HEADERS && HAVE_MEMORY_H
| #  include <memory.h>
| # endif
| # include <string.h>
| #endif
| #if HAVE_STRINGS_H
| # include <strings.h>
| #endif
| #if HAVE_INTTYPES_H
| # include <inttypes.h>
| #else
| # if HAVE_STDINT_H
| #  include <stdint.h>
| # endif
| #endif
| #if HAVE_UNISTD_H
| # include <unistd.h>
| #endif
| #include <winsock2.h>
configure:3347: result: no
configure:3351: checking winsock2.h presence
configure:3361: gcc -E  conftest.c
conftest.c:30:22: error: winsock2.h: No such file or directory
configure:3367: $? = 1
configure: failed program was:
| /* confdefs.h.  */
| 
| #define PACKAGE_NAME ""
| #define PACKAGE_TARNAME ""
| #define PACKAGE_VERSION ""
| #define PACKAGE_STRING ""
| #define PACKAGE_BUGREPORT ""
| #define HAVE_LIBPTHREAD 1
| #define STDC_HEADERS 1
| #define HAVE_SYS_WAIT_H 1
| #define HAVE_SYS_TYPES_H 1
| #define HAVE_SYS_STAT_H 1
| #define HAVE_STDLIB_H 1
| #define HAVE_STRING_H 1
| #define HAVE_MEMORY_H 1
| #define HAVE_STRINGS_H 1
| #define HAVE_INTTYPES_H 1
| #define HAVE_STDINT_H 1
| #define HAVE_UNISTD_H 1
| #define HAVE_FCNTL_H 1
| #define HAVE_LIMITS_H 1
| #define HAVE_SYS_IOCTL_H 1
| #define HAVE_SYS_TIME_H 1
| #define HAVE_ARPA_INET_H 1
| #define HAVE_SYS_PARAM_H 1
| #define HAVE_MEMORY_H 1
| #define HAVE_SIGNAL_H 1
| #define HAVE_NETINET_IN_H 1
| /* end confdefs.h.  */
| #include <winsock2.h>
configure:3387: result: no
configure:3422: checking for winsock2.h
configure:3429: result: no
configure:3306: checking sys/uio.h usability
configure:3318: gcc -c -g -O2  conftest.c >&5
configure:3324: $? = 0
configure:3328: test -z 
			 || test ! -s conftest.err
configure:3331: $? = 0
configure:3334: test -s conftest.o
configure:3337: $? = 0
configure:3347: result: yes
configure:3351: checking sys/uio.h presence
configure:3361: gcc -E  conftest.c
configure:3367: $? = 0
configure:3387: result: yes
configure:3422: checking for sys/uio.h
configure:3429: result: yes
configure:3457: checking termios.h usability
configure:3469: gcc -c -g -O2  conftest.c >&5
configure:3475: $? = 0
configure:3479: test -z 
			 || test ! -s conftest.err
configure:3482: $? = 0
configure:3485: test -s conftest.o
configure:3488: $? = 0
configure:3498: result: yes
configure:3502: checking termios.h presence
configure:3512: gcc -E  conftest.c
configure:3518: $? = 0
configure:3538: result: yes
configure:3573: checking for termios.h
configure:3580: result: yes
configure:3595: checking whether llseek declared in unistd.h
configure:3616: gcc -c -g -O2  conftest.c >&5
configure:3622: $? = 0
configure:3626: test -z 
			 || test ! -s conftest.err
configure:3629: $? = 0
configure:3632: test -s conftest.o
configure:3635: $? = 0
configure:3647: result: no
configure:3657: checking whether lseek64 declared in unistd.h
configure:3681: gcc -c -g -O2  conftest.c >&5
conftest.c:33:25: error: sysincludes.h: No such file or directory
configure:3687: $? = 1
configure: failed program was:
| /* confdefs.h.  */
| 
| #define PACKAGE_NAME ""
| #define PACKAGE_TARNAME ""
| #define PACKAGE_VERSION ""
| #define PACKAGE_STRING ""
| #define PACKAGE_BUGREPORT ""
| #define HAVE_LIBPTHREAD 1
| #define STDC_HEADERS 1
| #define HAVE_SYS_WAIT_H 1
| #define HAVE_SYS_TYPES_H 1
| #define HAVE_SYS_STAT_H 1
| #define HAVE_STDLIB_H 1
| #define HAVE_STRING_H 1
| #define HAVE_MEMORY_H 1
| #define HAVE_STRINGS_H 1
| #define HAVE_INTTYPES_H 1
| #define HAVE_STDINT_H 1
| #define HAVE_UNISTD_H 1
| #define HAVE_FCNTL_H 1
| #define HAVE_LIMITS_H 1
| #define HAVE_SYS_IOCTL_H 1
| #define HAVE_SYS_TIME_H 1
| #define HAVE_ARPA_INET_H 1
| #define HAVE_SYS_PARAM_H 1
| #define HAVE_MEMORY_H 1
| #define HAVE_SIGNAL_H 1
| #define HAVE_NETINET_IN_H 1
| #define HAVE_SYS_UIO_H 1
| #define HAVE_TERMIOS_H 1
| /* end confdefs.h.  */
| 
| #include "sysincludes.h"
| #include <unistd.h>
| 
| int
| main ()
| {
| extern int lseek64(int);
|   ;
|   return 0;
| }
configure:3712: result: yes
configure:3727: checking for htons
configure:3784: gcc -o conftest -g -O2   conftest.c -lpthread  >&5
configure:3790: $? = 0
configure:3794: test -z 
			 || test ! -s conftest.err
configure:3797: $? = 0
configure:3800: test -s conftest
configure:3803: $? = 0
configure:3815: result: yes
configure:3826: checking for an ANSI C-conforming const
configure:3923: result: yes
configure:3933: checking for inline
configure:3985: result: inline
configure:4004: checking for size_t
configure:4028: gcc -c -g -O2  conftest.c >&5
configure:4034: $? = 0
configure:4038: test -z 
			 || test ! -s conftest.err
configure:4041: $? = 0
configure:4044: test -s conftest.o
configure:4047: $? = 0
configure:4058: result: yes
configure:4070: checking whether time.h and sys/time.h may both be included
configure:4095: gcc -c -g -O2  conftest.c >&5
configure:4101: $? = 0
configure:4105: test -z 
			 || test ! -s conftest.err
configure:4108: $? = 0
configure:4111: test -s conftest.o
configure:4114: $? = 0
configure:4125: result: yes
configure:4135: checking whether struct tm is in sys/time.h or time.h
configure:4158: gcc -c -g -O2  conftest.c >&5
configure:4164: $? = 0
configure:4168: test -z 
			 || test ! -s conftest.err
configure:4171: $? = 0
configure:4174: test -s conftest.o
configure:4177: $? = 0
configure:4188: result: time.h
configure:4200: checking return type of signal handlers
configure:4231: gcc -c -g -O2  conftest.c >&5
configure:4237: $? = 0
configure:4241: test -z 
			 || test ! -s conftest.err
configure:4244: $? = 0
configure:4247: test -s conftest.o
configure:4250: $? = 0
configure:4261: result: void
configure:4277: checking for atexit
configure:4334: gcc -o conftest -g -O2   conftest.c -lpthread  >&5
configure:4340: $? = 0
configure:4344: test -z 
			 || test ! -s conftest.err
configure:4347: $? = 0
configure:4350: test -s conftest
configure:4353: $? = 0
configure:4365: result: yes
configure:4277: checking for on_exit
configure:4334: gcc -o conftest -g -O2   conftest.c -lpthread  >&5
Undefined symbols for architecture x86_64:
  "_on_exit", referenced from:
      _main in ccajbOE6.o
      _f in ccajbOE6.o
ld: symbol(s) not found for architecture x86_64
collect2: ld returned 1 exit status
configure:4340: $? = 1
configure: failed program was:
| /* confdefs.h.  */
| 
| #define PACKAGE_NAME ""
| #define PACKAGE_TARNAME ""
| #define PACKAGE_VERSION ""
| #define PACKAGE_STRING ""
| #define PACKAGE_BUGREPORT ""
| #define HAVE_LIBPTHREAD 1
| #define STDC_HEADERS 1
| #define HAVE_SYS_WAIT_H 1
| #define HAVE_SYS_TYPES_H 1
| #define HAVE_SYS_STAT_H 1
| #define HAVE_STDLIB_H 1
| #define HAVE_STRING_H 1
| #define HAVE_MEMORY_H 1
| #define HAVE_STRINGS_H 1
| #define HAVE_INTTYPES_H 1
| #define HAVE_STDINT_H 1
| #define HAVE_UNISTD_H 1
| #define HAVE_FCNTL_H 1
| #define HAVE_LIMITS_H 1
| #define HAVE_SYS_IOCTL_H 1
| #define HAVE_SYS_TIME_H 1
| #define HAVE_ARPA_INET_H 1
| #define HAVE_SYS_PARAM_H 1
| #define HAVE_MEMORY_H 1
| #define HAVE_SIGNAL_H 1
| #define HAVE_NETINET_IN_H 1
| #define HAVE_SYS_UIO_H 1
| #define HAVE_TERMIOS_H 1
| #define HAVE_LSEEK64_PROTOTYPE 1
| #define HAVE_HTONS 1
| #define TIME_WITH_SYS_TIME 1
| #define RETSIGTYPE void
| #define HAVE_ATEXIT 1
| /* end confdefs.h.  */
| /* Define on_exit to an innocuous variant, in case <limits.h> declares on_exit.
|    For example, HP-UX 11i <limits.h> declares gettimeofday.  */
| #define on_exit innocuous_on_exit
| 
| /* System header to define __stub macros and hopefully few prototypes,
|     which can conflict with char on_exit (); below.
|     Prefer <limits.h> to <assert.h> if __STDC__ is defined, since
|     <limits.h> exists even on freestanding compilers.  */
| 
| #ifdef __STDC__
| # include <limits.h>
| #else
| # include <assert.h>
| #endif
| 
| #undef on_exit
| 
| /* Override any gcc2 internal prototype to avoid an error.  */
| #ifdef __cplusplus
| extern "C"
| {
| #endif
| /* We use char because int might match the return type of a gcc2
|    builtin and then its argument prototype would still apply.  */
| char on_exit ();
| /* The GNU C library defines this for functions which it implements
|     to always fail with ENOSYS.  Some functions are actually named
|     something starting with __ and the normal name is an alias.  */
| #if defined (__stub_on_exit) || defined (__stub___on_exit)
| choke me
| #else
| char (*f) () = on_exit;
| #endif
| #ifdef __cplusplus
| }
| #endif
| 
| int
| main ()
| {
| return f != on_exit;
|   ;
|   return 0;
| }
configure:4365: result: no
configure:4277: checking for tcsetattr
configure:4334: gcc -o conftest -g -O2   conftest.c -lpthread  >&5
configure:4340: $? = 0
configure:4344: test -z 
			 || test ! -s conftest.err
configure:4347: $? = 0
configure:4350: test -s conftest
configure:4353: $? = 0
configure:4365: result: yes
configure:4277: checking for lseek64
configure:4334: gcc -o conftest -g -O2   conftest.c -lpthread  >&5
Undefined symbols for architecture x86_64:
  "_lseek64", referenced from:
      _main in ccAnHmOx.o
      _f in ccAnHmOx.o
ld: symbol(s) not found for architecture x86_64
collect2: ld returned 1 exit status
configure:4340: $? = 1
configure: failed program was:
| /* confdefs.h.  */
| 
| #define PACKAGE_NAME ""
| #define PACKAGE_TARNAME ""
| #define PACKAGE_VERSION ""
| #define PACKAGE_STRING ""
| #define PACKAGE_BUGREPORT ""
| #define HAVE_LIBPTHREAD 1
| #define STDC_HEADERS 1
| #define HAVE_SYS_WAIT_H 1
| #define HAVE_SYS_TYPES_H 1
| #define HAVE_SYS_STAT_H 1
| #define HAVE_STDLIB_H 1
| #define HAVE_STRING_H 1
| #define HAVE_MEMORY_H 1
| #define HAVE_STRINGS_H 1
| #define HAVE_INTTYPES_H 1
| #define HAVE_STDINT_H 1
| #define HAVE_UNISTD_H 1
| #define HAVE_FCNTL_H 1
| #define HAVE_LIMITS_H 1
| #define HAVE_SYS_IOCTL_H 1
| #define HAVE_SYS_TIME_H 1
| #define HAVE_ARPA_INET_H 1
| #define HAVE_SYS_PARAM_H 1
| #define HAVE_MEMORY_H 1
| #define HAVE_SIGNAL_H 1
| #define HAVE_NETINET_IN_H 1
| #define HAVE_SYS_UIO_H 1
| #define HAVE_TERMIOS_H 1
| #define HAVE_LSEEK64_PROTOTYPE 1
| #define HAVE_HTONS 1
| #define TIME_WITH_SYS_TIME 1
| #define RETSIGTYPE void
| #define HAVE_ATEXIT 1
| #define HAVE_TCSETATTR 1
| /* end confdefs.h.  */
| /* Define lseek64 to an innocuous variant, in case <limits.h> declares lseek64.
|    For example, HP-UX 11i <limits.h> declares gettimeofday.  */
| #define lseek64 innocuous_lseek64
| 
| /* System header to define __stub macros and hopefully few prototypes,
|     which can conflict with char lseek64 (); below.
|     Prefer <limits.h> to <assert.h> if __STDC__ is defined, since
|     <limits.h> exists even on freestanding compilers.  */
| 
| #ifdef __STDC__
| # include <limits.h>
| #else
| # include <assert.h>
| #endif
| 
| #undef lseek64
| 
| /* Override any gcc2 internal prototype to avoid an error.  */
| #ifdef __cplusplus
| extern "C"
| {
| #endif
| /* We use char because int might match the return type of a gcc2
|    builtin and then its argument prototype would still apply.  */
| char lseek64 ();
| /* The GNU C library defines this for functions which it implements
|     to always fail with ENOSYS.  Some functions are actually named
|     something starting with __ and the normal name is an alias.  */
| #if defined (__stub_lseek64) || defined (__stub___lseek64)
| choke me
| #else
| char (*f) () = lseek64;
| #endif
| #ifdef __cplusplus
| }
| #endif
| 
| int
| main ()
| {
| return f != lseek64;
|   ;
|   return 0;
| }
configure:4365: result: no
configure:4277: checking for snprintf
configure:4334: gcc -o conftest -g -O2   conftest.c -lpthread  >&5
conftest.c:62: warning: conflicting types for built-in function 'snprintf'
configure:4340: $? = 0
configure:4344: test -z 
			 || test ! -s conftest.err
configure:4347: $? = 0
configure:4350: test -s conftest
configure:4353: $? = 0
configure:4365: result: yes
configure:4384: checking for 64-bit off_t
configure:4410: gcc -c -g -O2  conftest.c >&5
conftest.c: In function 'main':
conftest.c:47: error: duplicate case value
conftest.c:47: error: previously used here
configure:4416: $? = 1
configure: failed program was:
| /* confdefs.h.  */
| 
| #define PACKAGE_NAME ""
| #define PACKAGE_TARNAME ""
| #define PACKAGE_VERSION ""
| #define PACKAGE_STRING ""
| #define PACKAGE_BUGREPORT ""
| #define HAVE_LIBPTHREAD 1
| #define STDC_HEADERS 1
| #define HAVE_SYS_WAIT_H 1
| #define HAVE_SYS_TYPES_H 1
| #define HAVE_SYS_STAT_H 1
| #define HAVE_STDLIB_H 1
| #define HAVE_STRING_H 1
| #define HAVE_MEMORY_H 1
| #define HAVE_STRINGS_H 1
| #define HAVE_INTTYPES_H 1
| #define HAVE_STDINT_H 1
| #define HAVE_UNISTD_H 1
| #define HAVE_FCNTL_H 1
| #define HAVE_LIMITS_H 1
| #define HAVE_SYS_IOCTL_H 1
| #define HAVE_SYS_TIME_H 1
| #define HAVE_ARPA_INET_H 1
| #define HAVE_SYS_PARAM_H 1
| #define HAVE_MEMORY_H 1
| #define HAVE_SIGNAL_H 1
| #define HAVE_NETINET_IN_H 1
| #define HAVE_SYS_UIO_H 1
| #define HAVE_TERMIOS_H 1
| #define HAVE_LSEEK64_PROTOTYPE 1
| #define HAVE_HTONS 1
| #define TIME_WITH_SYS_TIME 1
| #define RETSIGTYPE void
| #define HAVE_ATEXIT 1
| #define HAVE_TCSETATTR 1
| #define HAVE_SNPRINTF 1
| /* end confdefs.h.  */
| 
| #include <unistd.h>
| #include <sys/types.h>
| 
| int
| main ()
| {
| 
| switch (0) case 0: case (sizeof (off_t) <= 4):;
| 
|   ;
|   return 0;
| }
configure:4440: result: yes
configure:4450: checking whether gcc supports loff_t type
configure:4472: gcc -c -g -O2  conftest.c >&5
conftest.c: In function 'main':
conftest.c:44: error: 'loff_t' undeclared (first use in this function)
conftest.c:44: error: (Each undeclared identifier is reported only once
conftest.c:44: error: for each function it appears in.)
conftest.c:44: error: expected ';' before 'a'
configure:4478: $? = 1
configure: failed program was:
| /* confdefs.h.  */
| 
| #define PACKAGE_NAME ""
| #define PACKAGE_TARNAME ""
| #define PACKAGE_VERSION ""
| #define PACKAGE_STRING ""
| #define PACKAGE_BUGREPORT ""
| #define HAVE_LIBPTHREAD 1
| #define STDC_HEADERS 1
| #define HAVE_SYS_WAIT_H 1
| #define HAVE_SYS_TYPES_H 1
| #define HAVE_SYS_STAT_H 1
| #define HAVE_STDLIB_H 1
| #define HAVE_STRING_H 1
| #define HAVE_MEMORY_H 1
| #define HAVE_STRINGS_H 1
| #define HAVE_INTTYPES_H 1
| #define HAVE_STDINT_H 1
| #define HAVE_UNISTD_H 1
| #define HAVE_FCNTL_H 1
| #define HAVE_LIMITS_H 1
| #define HAVE_SYS_IOCTL_H 1
| #define HAVE_SYS_TIME_H 1
| #define HAVE_ARPA_INET_H 1
| #define HAVE_SYS_PARAM_H 1
| #define HAVE_MEMORY_H 1
| #define HAVE_SIGNAL_H 1
| #define HAVE_NETINET_IN_H 1
| #define HAVE_SYS_UIO_H 1
| #define HAVE_TERMIOS_H 1
| #define HAVE_LSEEK64_PROTOTYPE 1
| #define HAVE_HTONS 1
| #define TIME_WITH_SYS_TIME 1
| #define RETSIGTYPE void
| #define HAVE_ATEXIT 1
| #define HAVE_TCSETATTR 1
| #define HAVE_SNPRINTF 1
| #define HAVE_OFF_T_64 1
| /* end confdefs.h.  */
| #include <sys/types.h>
| int
| main ()
| {
| loff_t a;
|   ;
|   return 0;
| }
configure:4504: result: no
configure:4515: checking whether gcc supports offset_t type
configure:4537: gcc -c -g -O2  conftest.c >&5
conftest.c: In function 'main':
conftest.c:44: error: 'offset_t' undeclared (first use in this function)
conftest.c:44: error: (Each undeclared identifier is reported only once
conftest.c:44: error: for each function it appears in.)
conftest.c:44: error: expected ';' before 'a'
configure:4543: $? = 1
configure: failed program was:
| /* confdefs.h.  */
| 
| #define PACKAGE_NAME ""
| #define PACKAGE_TARNAME ""
| #define PACKAGE_VERSION ""
| #define PACKAGE_STRING ""
| #define PACKAGE_BUGREPORT ""
| #define HAVE_LIBPTHREAD 1
| #define STDC_HEADERS 1
| #define HAVE_SYS_WAIT_H 1
| #define HAVE_SYS_TYPES_H 1
| #define HAVE_SYS_STAT_H 1
| #define HAVE_STDLIB_H 1
| #define HAVE_STRING_H 1
| #define HAVE_MEMORY_H 1
| #define HAVE_STRINGS_H 1
| #define HAVE_INTTYPES_H 1
| #define HAVE_STDINT_H 1
| #define HAVE_UNISTD_H 1
| #define HAVE_FCNTL_H 1
| #define HAVE_LIMITS_H 1
| #define HAVE_SYS_IOCTL_H 1
| #define HAVE_SYS_TIME_H 1
| #define HAVE_ARPA_INET_H 1
| #define HAVE_SYS_PARAM_H 1
| #define HAVE_MEMORY_H 1
| #define HAVE_SIGNAL_H 1
| #define HAVE_NETINET_IN_H 1
| #define HAVE_SYS_UIO_H 1
| #define HAVE_TERMIOS_H 1
| #define HAVE_LSEEK64_PROTOTYPE 1
| #define HAVE_HTONS 1
| #define TIME_WITH_SYS_TIME 1
| #define RETSIGTYPE void
| #define HAVE_ATEXIT 1
| #define HAVE_TCSETATTR 1
| #define HAVE_SNPRINTF 1
| #define HAVE_OFF_T_64 1
| /* end confdefs.h.  */
| #include <sys/types.h>
| int
| main ()
| {
| offset_t a;
|   ;
|   return 0;
| }
configure:4569: result: no
configure:4580: checking whether gcc supports long long type
configure:4602: gcc -c -g -O2  conftest.c >&5
configure:4608: $? = 0
configure:4612: test -z 
			 || test ! -s conftest.err
configure:4615: $? = 0
configure:4618: test -s conftest.o
configure:4621: $? = 0
configure:4634: result: yes
configure:4839: creating ./config.status

## ---------------------- ##
## Running config.status. ##
## ---------------------- ##

This file was extended by config.status, which was
generated by GNU Autoconf 2.59.  Invocation command line was

  CONFIG_FILES    = 
  CONFIG_HEADERS  = 
  CONFIG_LINKS    = 
  CONFIG_COMMANDS = 
  $ ./config.status 

on kiff.local

config.status:667: creating Makefile
config.status:771: creating config.h

## ---------------- ##
## Cache variables. ##
## ---------------- ##

ac_cv_build=i386-apple-darwin11.2.0
ac_cv_build_alias=i386-apple-darwin11.2.0
ac_cv_c_compiler_gnu=yes
ac_cv_c_const=yes
ac_cv_c_inline=inline
ac_cv_env_CC_set=
ac_cv_env_CC_value=
ac_cv_env_CFLAGS_set=
ac_cv_env_CFLAGS_value=
ac_cv_env_CPPFLAGS_set=
ac_cv_env_CPPFLAGS_value=
ac_cv_env_CPP_set=
ac_cv_env_CPP_value=
ac_cv_env_LDFLAGS_set=
ac_cv_env_LDFLAGS_value=
ac_cv_env_build_alias_set=
ac_cv_env_build_alias_value=
ac_cv_env_host_alias_set=
ac_cv_env_host_alias_value=
ac_cv_env_target_alias_set=
ac_cv_env_target_alias_value=
ac_cv_exeext=
ac_cv_func_atexit=yes
ac_cv_func_htons=yes
ac_cv_func_lseek64=no
ac_cv_func_on_exit=no
ac_cv_func_snprintf=yes
ac_cv_func_tcsetattr=yes
ac_cv_header_arpa_inet_h=yes
ac_cv_header_fcntl_h=yes
ac_cv_header_inttypes_h=yes
ac_cv_header_limits_h=yes
ac_cv_header_malloc_h=no
ac_cv_header_memory_h=yes
ac_cv_header_netinet_in_h=yes
ac_cv_header_signal_h=yes
ac_cv_header_stdc=yes
ac_cv_header_stdint_h=yes
ac_cv_header_stdlib_h=yes
ac_cv_header_string_h=yes
ac_cv_header_strings_h=yes
ac_cv_header_sys_ioctl_h=yes
ac_cv_header_sys_param_h=yes
ac_cv_header_sys_stat_h=yes
ac_cv_header_sys_time_h=yes
ac_cv_header_sys_types_h=yes
ac_cv_header_sys_uio_h=yes
ac_cv_header_sys_wait_h=yes
ac_cv_header_termios_h=yes
ac_cv_header_time=yes
ac_cv_header_unistd_h=yes
ac_cv_header_winsock2_h=no
ac_cv_host=i386-apple-darwin11.2.0
ac_cv_host_alias=i386-apple-darwin11.2.0
ac_cv_lib_pthread_pthread_create=yes
ac_cv_objext=o
ac_cv_path_install='/usr/bin/install -c'
ac_cv_prog_CPP='gcc -E'
ac_cv_prog_ac_ct_CC=gcc
ac_cv_prog_cc_g=yes
ac_cv_prog_cc_stdc=
ac_cv_prog_egrep='grep -E'
ac_cv_prog_gcc_traditional=no
ac_cv_struct_tm=time.h
ac_cv_target=i386-apple-darwin11.2.0
ac_cv_target_alias=i386-apple-darwin11.2.0
ac_cv_type_signal=void
ac_cv_type_size_t=yes
ice_cv_have_loff_t=no
ice_cv_have_long_long=yes
ice_cv_have_offset_t=no
mtools_cv_have_llseek_prototype=no
mtools_cv_have_lseek64_prototype=yes
sfs_cv_off_t_64=yes

## ----------------- ##
## Output variables. ##
## ----------------- ##

CC='gcc'
CFLAGS='-g -O2 -Wall'
CPP='gcc -E'
CPPFLAGS=''
DEFS='-DHAVE_CONFIG_H'
ECHO_C='ECHO_N=''
ECHO_T=''
EGREP='grep -E'
EXEEXT=''
EXESUFFIX=''
HOST_ID='-DCPU_i386 -DVENDOR_apple -DOS_darwin11_2_0 -DOS_darwin11 -DOS_darwin'
INSTALL_DATA='${INSTALL} -m 644'
INSTALL_PROGRAM='${INSTALL}'
INSTALL_SCRIPT='${INSTALL}'
LDFLAGS=''
LIBOBJS=''
LIBS='-lpthread '
LTLIBOBJS=''
MACHDEPLIBS=''
OBJEXT='o'
PACKAGE_BUGREPORT=''
PACKAGE_NAME=''
PACKAGE_STRING=''
PACKAGE_TARNAME=''
PACKAGE_VERSION=''
PATH_SEPARATOR=':'
SHELL='/bin/sh'
SHLIB=''
ac_ct_CC='gcc'
bindir='${exec_prefix}/bin'
build='i386-apple-darwin11.2.0'
build_alias=''
build_cpu='i386'
build_os='darwin11.2.0'
build_vendor='apple'
datadir='${prefix}/share'
exec_prefix='${prefix}'
extraincludedir=''
extralibdir=''
host='i386-apple-darwin11.2.0'
host_alias=''
host_cpu='i386'
host_os='darwin11.2.0'
host_vendor='apple'
includedir='${prefix}/include'
infodir='${prefix}/info'
libdir='${exec_prefix}/lib'
libexecdir='${exec_prefix}/libexec'
localstatedir='${prefix}/var'
mandir='${prefix}/man'
oldincludedir='/usr/include'
prefix='/usr/local'
program_transform_name='s,x,x,'
sbindir='${exec_prefix}/sbin'
sharedstatedir='${prefix}/com'
sysconfdir='${prefix}/etc'
target='i386-apple-darwin11.2.0'
target_alias=''
target_cpu='i386'
target_os='darwin11.2.0'
target_vendor='apple'

## ----------- ##
## confdefs.h. ##
## ----------- ##

#define HAVE_ARPA_INET_H 1
#define HAVE_ATEXIT 1
#define HAVE_FCNTL_H 1
#define HAVE_HTONS 1
#define HAVE_INTTYPES_H 1
#define HAVE_LIBPTHREAD 1
#define HAVE_LIMITS_H 1
#define HAVE_LONG_LONG 1
#define HAVE_LSEEK64_PROTOTYPE 1
#define HAVE_MEMORY_H 1
#define HAVE_MEMORY_H 1
#define HAVE_NETINET_IN_H 1
#define HAVE_OFF_T_64 1
#define HAVE_SIGNAL_H 1
#define HAVE_SNPRINTF 1
#define HAVE_STDINT_H 1
#define HAVE_STDLIB_H 1
#define HAVE_STRINGS_H 1
#define HAVE_STRING_H 1
#define HAVE_SYS_IOCTL_H 1
#define HAVE_SYS_PARAM_H 1
#define HAVE_SYS_STAT_H 1
#define HAVE_SYS_TIME_H 1
#define HAVE_SYS_TYPES_H 1
#define HAVE_SYS_UIO_H 1
#define HAVE_SYS_WAIT_H 1
#define HAVE_TCSETATTR 1
#define HAVE_TERMIOS_H 1
#define HAVE_UNISTD_H 1
#define PACKAGE_BUGREPORT ""
#define PACKAGE_NAME ""
#define PACKAGE_STRING ""
#define PACKAGE_TARNAME ""
#define PACKAGE_VERSION ""
#define RETSIGTYPE void
#define STDC_HEADERS 1
#define TIME_WITH_SYS_TIME 1

configure: exit 0
